<?xml version="1.0" encoding="UTF-8"?>
<testng-results skipped="0" failed="0" ignored="0" total="2" passed="2">
  <reporter-output>
    <line>
      <![CDATA[no of rows are::8 no of columns are::4]]>
    </line>
    <line>
      <![CDATA[Login success]]>
    </line>
    <line>
      <![CDATA[Invalid credentials]]>
    </line>
    <line>
      <![CDATA[Username cannot be empty]]>
    </line>
    <line>
      <![CDATA[Password cannot be empty]]>
    </line>
    <line>
      <![CDATA[Username cannot be empty]]>
    </line>
    <line>
      <![CDATA[Login success]]>
    </line>
    <line>
      <![CDATA[Invalid credentials]]>
    </line>
    <line>
      <![CDATA[Invalid credentials]]>
    </line>
  </reporter-output>
  <suite name="Suite" duration-ms="116263" started-at="2019-08-27T02:16:14Z" finished-at="2019-08-27T02:18:10Z">
    <groups>
    </groups>
    <test name="Test" duration-ms="116263" started-at="2019-08-27T02:16:14Z" finished-at="2019-08-27T02:18:10Z">
      <class name="DiverFactory.DriverScript">
        <test-method status="PASS" signature="launch()[pri:0, instance:DiverFactory.DriverScript@d7109be]" name="launch" is-config="true" duration-ms="5593" started-at="2019-08-27T02:17:17Z" finished-at="2019-08-27T02:17:23Z">
          <reporter-output>
          </reporter-output>
        </test-method> <!-- launch -->
        <test-method status="PASS" signature="primusbank()[pri:0, instance:DiverFactory.DriverScript@d7109be]" name="primusbank" duration-ms="44776" started-at="2019-08-27T02:17:23Z" finished-at="2019-08-27T02:18:08Z">
          <reporter-output>
          </reporter-output>
        </test-method> <!-- primusbank -->
        <test-method status="PASS" signature="logout()[pri:0, instance:DiverFactory.DriverScript@d7109be]" name="logout" is-config="true" duration-ms="638" started-at="2019-08-27T02:18:08Z" finished-at="2019-08-27T02:18:08Z">
          <reporter-output>
          </reporter-output>
        </test-method> <!-- logout -->
      </class> <!-- DiverFactory.DriverScript -->
      <class name="DiverFactory.DataDrivenFramework">
        <test-method status="PASS" signature="launch()[pri:0, instance:DiverFactory.DataDrivenFramework@571a01f9]" name="launch" is-config="true" duration-ms="5507" started-at="2019-08-27T02:16:14Z" finished-at="2019-08-27T02:16:20Z">
          <reporter-output>
          </reporter-output>
        </test-method> <!-- launch -->
        <test-method status="PASS" signature="verifyLogin()[pri:0, instance:DiverFactory.DataDrivenFramework@571a01f9]" name="verifyLogin" duration-ms="57421" started-at="2019-08-27T02:16:20Z" finished-at="2019-08-27T02:17:17Z">
          <reporter-output>
            <line>
              <![CDATA[no of rows are::8 no of columns are::4]]>
            </line>
            <line>
              <![CDATA[Login success]]>
            </line>
            <line>
              <![CDATA[Invalid credentials]]>
            </line>
            <line>
              <![CDATA[Username cannot be empty]]>
            </line>
            <line>
              <![CDATA[Password cannot be empty]]>
            </line>
            <line>
              <![CDATA[Username cannot be empty]]>
            </line>
            <line>
              <![CDATA[Login success]]>
            </line>
            <line>
              <![CDATA[Invalid credentials]]>
            </line>
            <line>
              <![CDATA[Invalid credentials]]>
            </line>
          </reporter-output>
        </test-method> <!-- verifyLogin -->
        <test-method status="PASS" signature="logout()[pri:0, instance:DiverFactory.DataDrivenFramework@571a01f9]" name="logout" is-config="true" duration-ms="2124" started-at="2019-08-27T02:18:08Z" finished-at="2019-08-27T02:18:10Z">
          <reporter-output>
          </reporter-output>
        </test-method> <!-- logout -->
      </class> <!-- DiverFactory.DataDrivenFramework -->
    </test> <!-- Test -->
  </suite> <!-- Suite -->
</testng-results>
